<?xml version="1.0" encoding="UTF-8"?>
<!-- Generated by org.testng.reporters.JUnitXMLReporter -->
<testsuite ignored="1" hostname="LIN80015757" failures="0" tests="1" name="Default test" time="26.776" errors="0" timestamp="08 Apr 2020 04:12:59 GMT">
  <testcase classname="com.qa.hub.tests.ContactsPageTest" name="verifyContactsPageTitleTest" time="0.162"/>
  <testcase classname="com.qa.hub.tests.ContactsPageTest" name="createNewContactTest" time="0.0">
    <ignored/>
  </testcase> <!-- createNewContactTest -->
</testsuite> <!-- Default test -->
