<?xml version="1.0" encoding="UTF-8"?>
<!-- Generated by org.testng.reporters.JUnitXMLReporter -->
<testsuite ignored="0" hostname="LIN80015757" failures="0" tests="6" name="hub spot sanity Test" time="476.692" errors="0" timestamp="10 Apr 2020 06:51:09 GMT">
  <testcase classname="com.qa.hub.tests.ContactsPageTest" name="createNewContactTest" time="78.792"/>
  <testcase classname="com.qa.hub.tests.ContactsPageTest" name="createNewContactTest" time="78.939"/>
  <testcase classname="com.qa.hub.tests.ContactsPageTest" name="createNewContactTest" time="77.587"/>
  <testcase classname="com.qa.hub.tests.ContactsPageTest" name="createNewContactTest" time="78.604"/>
  <testcase classname="com.qa.hub.tests.ContactsPageTest" name="verifyContactsPageTitleTest" time="0.014"/>
  <testcase classname="com.qa.hub.tests.LoginPageTest" name="verifyLoginPageTitleTest" time="0.055"/>
</testsuite> <!-- hub spot sanity Test -->
