<?xml version="1.0" encoding="UTF-8"?>
<testng-results ignored="0" total="6" passed="6" failed="0" skipped="0">
  <reporter-output>
    <line>
      <![CDATA[Test Started....>Verify loginpage Title Test
]]>
    </line>
    <line>
      <![CDATA[login page title is: HubSpot Login]]>
    </line>
    <line>
      <![CDATA[Test ended--> verifyLoginPageTitleTest]]>
    </line>
  </reporter-output>
  <suite started-at="2020-04-10T06:43:13Z" name="Hub Spot Sanity Test Suite" finished-at="2020-04-10T06:51:09Z" duration-ms="476692">
    <groups>
    </groups>
    <test started-at="2020-04-10T06:43:13Z" name="hub spot sanity Test" finished-at="2020-04-10T06:51:09Z" duration-ms="476692">
      <class name="com.qa.hub.tests.LoginPageTest">
        <test-method signature="verifyLoginPageTitleTest()[pri:1, instance:com.qa.hub.tests.LoginPageTest@5b7a7f33]" started-at="2020-04-10T06:51:07Z" name="verifyLoginPageTitleTest" finished-at="2020-04-10T06:51:07Z" duration-ms="55" status="PASS">
          <reporter-output>
            <line>
              <![CDATA[Test Started....>Verify loginpage Title Test
]]>
            </line>
            <line>
              <![CDATA[login page title is: HubSpot Login]]>
            </line>
            <line>
              <![CDATA[Test ended--> verifyLoginPageTitleTest]]>
            </line>
          </reporter-output>
        </test-method> <!-- verifyLoginPageTitleTest -->
      </class> <!-- com.qa.hub.tests.LoginPageTest -->
      <class name="com.qa.hub.tests.HomePageTest">
        <test-method is-config="true" signature="setUp()[pri:0, instance:com.qa.hub.tests.HomePageTest@790da477]" started-at="2020-04-10T06:43:13Z" name="setUp" finished-at="2020-04-10T06:43:34Z" duration-ms="21586" status="PASS">
          <reporter-output>
          </reporter-output>
        </test-method> <!-- setUp -->
        <test-method is-config="true" signature="setUp()[pri:0, instance:com.qa.hub.tests.LoginPageTest@5b7a7f33]" started-at="2020-04-10T06:43:34Z" name="setUp" finished-at="2020-04-10T06:43:44Z" duration-ms="10163" status="PASS">
          <reporter-output>
          </reporter-output>
        </test-method> <!-- setUp -->
        <test-method is-config="true" signature="quitBrowswer()[pri:0, instance:com.qa.hub.tests.HomePageTest@790da477]" started-at="2020-04-10T06:51:07Z" name="quitBrowswer" finished-at="2020-04-10T06:51:08Z" duration-ms="1020" status="PASS">
          <reporter-output>
          </reporter-output>
        </test-method> <!-- quitBrowswer -->
        <test-method is-config="true" signature="quitBrowswer()[pri:0, instance:com.qa.hub.tests.LoginPageTest@5b7a7f33]" started-at="2020-04-10T06:51:08Z" name="quitBrowswer" finished-at="2020-04-10T06:51:09Z" duration-ms="907" status="PASS">
          <reporter-output>
          </reporter-output>
        </test-method> <!-- quitBrowswer -->
      </class> <!-- com.qa.hub.tests.HomePageTest -->
      <class name="com.qa.hub.tests.ContactsPageTest">
        <test-method is-config="true" signature="setUp()[pri:0, instance:com.qa.hub.tests.ContactsPageTest@5c7933ad]" started-at="2020-04-10T06:43:45Z" name="setUp" finished-at="2020-04-10T06:44:11Z" duration-ms="25342" status="PASS">
          <reporter-output>
          </reporter-output>
        </test-method> <!-- setUp -->
        <test-method signature="createNewContactTest(java.lang.String, java.lang.String, java.lang.String, java.lang.String)[pri:0, instance:com.qa.hub.tests.ContactsPageTest@5c7933ad]" started-at="2020-04-10T06:44:11Z" name="createNewContactTest" data-provider="getContactsTestData" finished-at="2020-04-10T06:45:29Z" duration-ms="78792" status="PASS">
          <params>
            <param index="0">
              <value>
                <![CDATA[sainath.atalagadadeevi@gmail.com]]>
              </value>
            </param>
            <param index="1">
              <value>
                <![CDATA[saiiii]]>
              </value>
            </param>
            <param index="2">
              <value>
                <![CDATA[natttt]]>
              </value>
            </param>
            <param index="3">
              <value>
                <![CDATA[SDET]]>
              </value>
            </param>
          </params>
          <reporter-output>
          </reporter-output>
        </test-method> <!-- createNewContactTest -->
        <test-method is-config="true" signature="quitBrowser()[pri:0, instance:com.qa.hub.tests.ContactsPageTest@5c7933ad]" started-at="2020-04-10T06:45:30Z" name="quitBrowser" finished-at="2020-04-10T06:45:31Z" duration-ms="1132" status="PASS">
          <reporter-output>
          </reporter-output>
        </test-method> <!-- quitBrowser -->
        <test-method is-config="true" signature="setUp()[pri:0, instance:com.qa.hub.tests.ContactsPageTest@5c7933ad]" started-at="2020-04-10T06:45:31Z" name="setUp" finished-at="2020-04-10T06:45:54Z" duration-ms="23504" status="PASS">
          <reporter-output>
          </reporter-output>
        </test-method> <!-- setUp -->
        <test-method signature="createNewContactTest(java.lang.String, java.lang.String, java.lang.String, java.lang.String)[pri:0, instance:com.qa.hub.tests.ContactsPageTest@5c7933ad]" started-at="2020-04-10T06:45:54Z" name="createNewContactTest" data-provider="getContactsTestData" finished-at="2020-04-10T06:47:13Z" duration-ms="78939" status="PASS">
          <params>
            <param index="0">
              <value>
                <![CDATA[Manju@gmailcom]]>
              </value>
            </param>
            <param index="1">
              <value>
                <![CDATA[MAN]]>
              </value>
            </param>
            <param index="2">
              <value>
                <![CDATA[juu]]>
              </value>
            </param>
            <param index="3">
              <value>
                <![CDATA[qa]]>
              </value>
            </param>
          </params>
          <reporter-output>
          </reporter-output>
        </test-method> <!-- createNewContactTest -->
        <test-method is-config="true" signature="quitBrowser()[pri:0, instance:com.qa.hub.tests.ContactsPageTest@5c7933ad]" started-at="2020-04-10T06:47:13Z" name="quitBrowser" finished-at="2020-04-10T06:47:14Z" duration-ms="951" status="PASS">
          <reporter-output>
          </reporter-output>
        </test-method> <!-- quitBrowser -->
        <test-method is-config="true" signature="setUp()[pri:0, instance:com.qa.hub.tests.ContactsPageTest@5c7933ad]" started-at="2020-04-10T06:47:14Z" name="setUp" finished-at="2020-04-10T06:47:39Z" duration-ms="25108" status="PASS">
          <reporter-output>
          </reporter-output>
        </test-method> <!-- setUp -->
        <test-method signature="createNewContactTest(java.lang.String, java.lang.String, java.lang.String, java.lang.String)[pri:0, instance:com.qa.hub.tests.ContactsPageTest@5c7933ad]" started-at="2020-04-10T06:47:39Z" name="createNewContactTest" data-provider="getContactsTestData" finished-at="2020-04-10T06:48:57Z" duration-ms="77587" status="PASS">
          <params>
            <param index="0">
              <value>
                <![CDATA[vadakala@gmail.com]]>
              </value>
            </param>
            <param index="1">
              <value>
                <![CDATA[vad]]>
              </value>
            </param>
            <param index="2">
              <value>
                <![CDATA[kala]]>
              </value>
            </param>
            <param index="3">
              <value>
                <![CDATA[DEV]]>
              </value>
            </param>
          </params>
          <reporter-output>
          </reporter-output>
        </test-method> <!-- createNewContactTest -->
        <test-method is-config="true" signature="quitBrowser()[pri:0, instance:com.qa.hub.tests.ContactsPageTest@5c7933ad]" started-at="2020-04-10T06:48:57Z" name="quitBrowser" finished-at="2020-04-10T06:48:58Z" duration-ms="1029" status="PASS">
          <reporter-output>
          </reporter-output>
        </test-method> <!-- quitBrowser -->
        <test-method is-config="true" signature="setUp()[pri:0, instance:com.qa.hub.tests.ContactsPageTest@5c7933ad]" started-at="2020-04-10T06:48:58Z" name="setUp" finished-at="2020-04-10T06:49:23Z" duration-ms="24808" status="PASS">
          <reporter-output>
          </reporter-output>
        </test-method> <!-- setUp -->
        <test-method signature="createNewContactTest(java.lang.String, java.lang.String, java.lang.String, java.lang.String)[pri:0, instance:com.qa.hub.tests.ContactsPageTest@5c7933ad]" started-at="2020-04-10T06:49:23Z" name="createNewContactTest" data-provider="getContactsTestData" finished-at="2020-04-10T06:50:41Z" duration-ms="78604" status="PASS">
          <params>
            <param index="0">
              <value>
                <![CDATA[rohit@gmail.com]]>
              </value>
            </param>
            <param index="1">
              <value>
                <![CDATA[rohit]]>
              </value>
            </param>
            <param index="2">
              <value>
                <![CDATA[bomm]]>
              </value>
            </param>
            <param index="3">
              <value>
                <![CDATA[Director]]>
              </value>
            </param>
          </params>
          <reporter-output>
          </reporter-output>
        </test-method> <!-- createNewContactTest -->
        <test-method is-config="true" signature="quitBrowser()[pri:0, instance:com.qa.hub.tests.ContactsPageTest@5c7933ad]" started-at="2020-04-10T06:50:41Z" name="quitBrowser" finished-at="2020-04-10T06:50:42Z" duration-ms="955" status="PASS">
          <reporter-output>
          </reporter-output>
        </test-method> <!-- quitBrowser -->
        <test-method is-config="true" signature="setUp()[pri:0, instance:com.qa.hub.tests.ContactsPageTest@5c7933ad]" started-at="2020-04-10T06:50:42Z" name="setUp" finished-at="2020-04-10T06:51:06Z" duration-ms="24287" status="PASS">
          <reporter-output>
          </reporter-output>
        </test-method> <!-- setUp -->
        <test-method signature="verifyContactsPageTitleTest()[pri:0, instance:com.qa.hub.tests.ContactsPageTest@5c7933ad]" started-at="2020-04-10T06:51:06Z" name="verifyContactsPageTitleTest" finished-at="2020-04-10T06:51:06Z" duration-ms="14" status="PASS">
          <reporter-output>
          </reporter-output>
        </test-method> <!-- verifyContactsPageTitleTest -->
        <test-method is-config="true" signature="quitBrowser()[pri:0, instance:com.qa.hub.tests.ContactsPageTest@5c7933ad]" started-at="2020-04-10T06:51:06Z" name="quitBrowser" finished-at="2020-04-10T06:51:07Z" duration-ms="859" status="PASS">
          <reporter-output>
          </reporter-output>
        </test-method> <!-- quitBrowser -->
      </class> <!-- com.qa.hub.tests.ContactsPageTest -->
    </test> <!-- hub spot sanity Test -->
  </suite> <!-- Hub Spot Sanity Test Suite -->
</testng-results>
